{"name":"TC02","status":"broken","statusDetails":{"known":false,"muted":false,"flaky":false,"message":"java.io.FileNotFoundException: /Users/ep_nonfunc/IdeaProjects/IOSAutomationTest/src/test/resources/locators/ReservePage.json (No such file or directory)","trace":"java.lang.IllegalArgumentException: java.io.FileNotFoundException: /Users/ep_nonfunc/IdeaProjects/IOSAutomationTest/src/test/resources/locators/ReservePage.json (No such file or directory)\n\tat common.helpers.LocatorFactory.getLocator(LocatorFactory.java:53)\n\tat pages.ReservePage.<init>(ReservePage.java:13)\n\tat tests.LoginPageTest.TC02(LoginPageTest.java:18)\n\tat java.base/jdk.internal.reflect.NativeMethodAccessorImpl.invoke0(Native Method)\n\tat java.base/jdk.internal.reflect.NativeMethodAccessorImpl.invoke(NativeMethodAccessorImpl.java:77)\n\tat java.base/jdk.internal.reflect.DelegatingMethodAccessorImpl.invoke(DelegatingMethodAccessorImpl.java:43)\n\tat java.base/java.lang.reflect.Method.invoke(Method.java:568)\n\tat org.testng.internal.MethodInvocationHelper.invokeMethod(MethodInvocationHelper.java:124)\n\tat org.testng.internal.Invoker.invokeMethod(Invoker.java:583)\n\tat org.testng.internal.Invoker.invokeTestMethod(Invoker.java:719)\n\tat org.testng.internal.Invoker.invokeTestMethods(Invoker.java:989)\n\tat org.testng.internal.TestMethodWorker.invokeTestMethods(TestMethodWorker.java:125)\n\tat org.testng.internal.TestMethodWorker.run(TestMethodWorker.java:109)\n\tat java.base/java.util.concurrent.ThreadPoolExecutor.runWorker(ThreadPoolExecutor.java:1136)\n\tat java.base/java.util.concurrent.ThreadPoolExecutor$Worker.run(ThreadPoolExecutor.java:635)\n\tat java.base/java.lang.Thread.run(Thread.java:833)\nCaused by: java.io.FileNotFoundException: /Users/ep_nonfunc/IdeaProjects/IOSAutomationTest/src/test/resources/locators/ReservePage.json (No such file or directory)\n\tat java.base/java.io.FileInputStream.open0(Native Method)\n\tat java.base/java.io.FileInputStream.open(FileInputStream.java:216)\n\tat java.base/java.io.FileInputStream.<init>(FileInputStream.java:157)\n\tat java.base/java.io.FileInputStream.<init>(FileInputStream.java:111)\n\tat java.base/java.io.FileReader.<init>(FileReader.java:60)\n\tat common.helpers.LocatorFactory.getLocator(LocatorFactory.java:50)\n\t... 15 more\n"},"stage":"finished","description":"テスト: ログイン成功","steps":[],"attachments":[],"parameters":[{"name":"longTime","value":"55"},{"name":"mediumTime","value":"25"},{"name":"shortTime","value":"15"},{"name":"language","value":"English"},{"name":"env","value":"TestEnv"},{"name":"defaultEnv","value":"env"}],"start":1682410811739,"stop":1682410811767,"uuid":"53261e68-235b-432f-83de-67fb8544b3d5","historyId":"c88c1742a56b5c451f3c7661f78326fb","fullName":"tests.LoginPageTest.TC02","labels":[{"name":"package","value":"tests.LoginPageTest"},{"name":"testClass","value":"tests.LoginPageTest"},{"name":"testMethod","value":"TC02"},{"name":"parentSuite","value":"Suite"},{"name":"suite","value":"Run test Contact App iOS iphone 11 pro max- BitBar Appium CLoud"},{"name":"subSuite","value":"tests.LoginPageTest"},{"name":"host","value":"EP-NonFuncnoMacBook-Pro.local"},{"name":"thread","value":"41454@EP-NonFuncnoMacBook-Pro.local.TestNG-test=Run test Contact App iOS iphone 11 pro max- BitBar Appium CLoud-1(15)"},{"name":"framework","value":"testng"},{"name":"language","value":"java"}],"links":[]}